2024-12-27 18:29:09,105 - INFO - Database initialized.
2024-12-27 18:29:17,364 - INFO - Read 3 feeds from /home/pi/rss_archiver/config/feeds.txt
2024-12-27 18:29:19,473 - INFO - Fetched feed: https://www.analisidifesa.it/rss/
2024-12-27 18:29:19,474 - ERROR - Error fetching feed https://www.analisidifesa.it/rss/: name 'update_progress_bar' is not defined
2024-12-27 18:29:19,474 - ERROR - Error during update: name 'update_progress_bar' is not defined
2024-12-27 18:33:09,539 - INFO - Database initialized.
2024-12-27 18:33:13,996 - INFO - Read 3 feeds from /home/pi/rss_archiver/config/feeds.txt
2024-12-27 18:33:15,084 - INFO - Fetched feed: https://www.analisidifesa.it/rss/
2024-12-27 18:33:16,656 - INFO - Fetched feed: https://clarissa.it/wp/rss/
2024-12-27 18:33:21,886 - INFO - Fetched feed: https://www.maurizioblondet.it/rss/
2024-12-27 18:33:21,895 - INFO - Source saved: Analisi Difesa (https://www.analisidifesa.it)
2024-12-27 18:33:25,085 - INFO - Article saved: Filar Optomaterial: il know-how dell’azienda sarda nel settore delle terre rare
2024-12-27 18:33:25,795 - INFO - Article saved: Si concretizza l’ordine indiano per 12 Sukhoi Su-30MKI
2024-12-27 18:33:26,464 - INFO - Article saved: Approvato il bilancio della Difesa statunitense da 895 miliardi di dollari
2024-12-27 18:33:27,176 - INFO - Article saved: Quando verrà il turco?
2024-12-27 18:33:29,324 - INFO - Article saved: L’alleanza cantieristica tra Turchia e Pakistan punta sul mercato saudita
2024-12-27 18:33:31,729 - INFO - Article saved: Spazio & Cyber. Intersezioni, convergenze e scenari emergenti
2024-12-27 18:33:32,355 - INFO - Article saved: Gli USA donano a Benin e Ghana i blindati Puma M36 destinati al Niger
2024-12-27 18:33:33,076 - INFO - Article saved: L’andamento della guerra in Ucraina nelle valutazioni della NATO
2024-12-27 18:33:33,740 - INFO - Article saved: Gli Stati Uniti puntano a destabilizzare l’Eurasia. Il Contesto intervista Gaiani
2024-12-27 18:33:35,867 - INFO - Article saved: Rheinmetall fornisce all’Ucraina altri cingolati Marder e cariche per proiettili da 155mm
2024-12-27 18:33:37,310 - INFO - Source saved: clarissa.it (https://clarissa.it/wp)
2024-12-27 18:33:37,791 - ERROR - Error fetching article content from https://clarissa.it/wp/2024/12/24/israele_e_la_guerra_civile_in_siria/: 403 Client Error: Forbidden for url: https://clarissa.it/wp/2024/12/24/israele_e_la_guerra_civile_in_siria/
2024-12-27 18:33:37,796 - INFO - Article saved: Israele e la guerra civile in Siria
2024-12-27 18:33:39,459 - ERROR - Error fetching article content from https://clarissa.it/wp/2024/12/17/la-dichiarazione-di-bashar-assad/: 403 Client Error: Forbidden for url: https://clarissa.it/wp/2024/12/17/la-dichiarazione-di-bashar-assad/
2024-12-27 18:33:39,464 - INFO - Article saved: La dichiarazione di Bashar Assad
2024-12-27 18:33:41,385 - ERROR - Error fetching article content from https://clarissa.it/wp/2024/12/10/nuovo-ordine-in-medio-oriente/: 403 Client Error: Forbidden for url: https://clarissa.it/wp/2024/12/10/nuovo-ordine-in-medio-oriente/
2024-12-27 18:33:41,391 - INFO - Article saved: Nuovo Ordine in Medio Oriente?
2024-12-27 18:33:43,073 - ERROR - Error fetching article content from https://clarissa.it/wp/2024/12/01/i-katanghesi-e-il-mito-del-68/: 403 Client Error: Forbidden for url: https://clarissa.it/wp/2024/12/01/i-katanghesi-e-il-mito-del-68/
2024-12-27 18:33:43,078 - INFO - Article saved: I Katanghesi e il mito del ’68
2024-12-27 18:33:44,876 - ERROR - Error fetching article content from https://clarissa.it/wp/2024/11/01/brics-2024-sfida-alloccidente/: 403 Client Error: Forbidden for url: https://clarissa.it/wp/2024/11/01/brics-2024-sfida-alloccidente/
2024-12-27 18:33:44,882 - INFO - Article saved: Brics 2024, sfida all’Occidente
2024-12-27 18:33:46,990 - ERROR - Error fetching article content from https://clarissa.it/wp/2024/10/21/fabbricanti-di-fake-news/: 403 Client Error: Forbidden for url: https://clarissa.it/wp/2024/10/21/fabbricanti-di-fake-news/
2024-12-27 18:33:47,000 - INFO - Article saved: Fabbricanti di Fake News
2024-12-27 18:33:52,820 - ERROR - Error fetching article content from https://clarissa.it/wp/2024/10/09/il-destino-di-unifil-in-libano/: 403 Client Error: Forbidden for url: https://clarissa.it/wp/2024/10/09/il-destino-di-unifil-in-libano/
2024-12-27 18:33:52,825 - INFO - Article saved: Il destino di Unifil in Libano
2024-12-27 18:33:53,217 - ERROR - Error fetching article content from https://clarissa.it/wp/2024/09/15/chi-e-in-guerra-con-la-russia/: 403 Client Error: Forbidden for url: https://clarissa.it/wp/2024/09/15/chi-e-in-guerra-con-la-russia/
2024-12-27 18:33:53,537 - INFO - Article saved: Chi è in guerra con la Russia?
2024-12-27 18:33:53,945 - ERROR - Error fetching article content from https://clarissa.it/wp/2024/09/01/lezioni-dal-medio-oriente/: 403 Client Error: Forbidden for url: https://clarissa.it/wp/2024/09/01/lezioni-dal-medio-oriente/
2024-12-27 18:33:53,951 - INFO - Article saved: Lezioni dal Medio Oriente
2024-12-27 18:33:54,401 - ERROR - Error fetching article content from https://clarissa.it/wp/2024/08/01/star-insieme-un-progetto-educativo-concreto/: 403 Client Error: Forbidden for url: https://clarissa.it/wp/2024/08/01/star-insieme-un-progetto-educativo-concreto/
2024-12-27 18:33:54,406 - INFO - Article saved: Star Insieme: un progetto educativo concreto
2024-12-27 18:33:54,438 - INFO - Source saved: Blondet & Friends (https://www.maurizioblondet.it/)
2024-12-27 18:33:55,454 - INFO - Article saved and scraped: Trump e Musk stanno capendo… ma non abbastanza
2024-12-27 18:33:57,865 - INFO - Article saved and scraped: ”L’Occidente adesso siamo NOI”
2024-12-27 18:34:03,172 - INFO - Article saved and scraped: L’EX SEGRETARIO GENERALE DELLA NATO STOLTENBERG  NOMINATO CO-PRESIDENTE DEL BILDERBERG
2024-12-27 18:34:14,166 - INFO - Article saved and scraped: Stefano costò la poltrona a Caifa
2024-12-27 18:34:15,760 - INFO - Article saved and scraped: Un segno della prossima fine dei tempi …
2024-12-27 18:34:16,895 - INFO - Article saved and scraped: Babbo Natale, la Coca Cola e l’Ucraina
2024-12-27 18:34:17,928 - INFO - Article saved and scraped: Occhio al disturbo di Elon Musk
2024-12-27 18:34:20,412 - INFO - Article saved and scraped: I soldati di Sion hanno infranto un Sigillo?
2024-12-27 18:34:22,680 - INFO - Article saved and scraped: La “opposizione” in “democrazia”, poraccia
2024-12-27 18:34:25,345 - INFO - Article saved and scraped: Orrore! Trump dichiara il Clima una impostura – e vuole uscire dall’OMS
2024-12-27 18:35:22,321 - INFO - Source ID 1 renamed to Analisi Difesa
2024-12-27 18:35:42,328 - INFO - Source ID 2 renamed to Clarissa.it
2024-12-27 18:36:23,402 - INFO - Nessun articolo da archiviare.
2024-12-27 18:52:32,999 - INFO - Database initialized.
2024-12-27 18:53:02,096 - INFO - Database initialized.
